2024-05-06 15:49:42.723646300'Exhalation'
-Written by: Ted Chiang
Published on: 2008-11-15
-Id: efeb4e37-f9e4-4e5e-892e-0c96f5f8fa352024-05-06 15:49:42.733045200'Good Omens: The Nice and Accurate Prophecies of Agnes Nutter, Witch'
-Written by: Terry Pratchett & Neil Gaiman
Published on: 1990-05-01
-Id: 1e8874e2-c9fd-45c2-ac70-9aa8ee6109942024-05-06 15:49:42.734044600'Foundation'
-Written by: Isaac Asimov
Published on: 1951-08-30
-Id: 97dab9ab-07bb-4038-9f5e-986a3ccc24c42024-05-06 15:49:42.734044600'Foundation's Edge'
-Written by: Isaac Asimov
Published on: 1982-10-28
-Id: 290cf98b-9d26-470a-8f2e-78245d9bd1492024-05-06 15:49:42.735549700'The Hunger Games'
-Written by: Suzanne Collins
Published on: 2008-09-14
-Id: 04fe1a1b-4e85-4247-a425-aaf5dda934052024-05-06 15:49:42.735549700'Going Postal'
-Written by: Terry Pratchett
Published on: 2004-09-25
-Id: d1a17b5f-edec-4786-94a3-fb3878107b1b2024-05-06 15:49:42.736559300'Making Money'
-Written by: Terry Pratchett
Published on: 2007-09-18
-Id: 3d5d48ba-8fe5-4faa-a512-f108caf2fc362024-05-06 15:49:42.736559300'Stranger in a Strange Land'
-Written by: Robert A. Heinlein
Published on: 1961-06-01
-Id: 475c96e4-f969-4f6f-91be-163ad3ddf0722024-05-06 15:49:42.738603100'Exhalation'
-Written by: Ted Chiang
Published on: 2008-11-15
-Id: e5232f5c-b6bc-4d65-a6c2-f65df8012f8a2024-05-06 15:49:42.739602700'Good Omens: The Nice and Accurate Prophecies of Agnes Nutter, Witch'
-Written by: Terry Pratchett & Neil Gaiman
Published on: 1990-05-01
-Id: 0606a6f0-4a57-48c5-b329-154219b825662024-05-06 15:49:42.739602700'The Hitchhiker's Guide to the Galaxy'
-Written by: Douglas Adams
Published on: 1979-10-12
-Id: 6fd5dc73-81d8-4130-b9e0-360f8194ea8e2024-05-06 15:49:42.739602700'Animal Farm'
-Written by: George Orwell
Published on: 1945-08-17
-Id: 31649a02-a81e-4a7d-bf21-610426b9e8fd2024-05-06 15:49:42.741606600'Jurassic Park'
-Written by: Michael Crichton
Published on: 1990-11-20
-Id: 958de8fc-dc06-4b7a-8c5f-f2c76ffadcca2024-05-06 15:49:42.741606600'The Hitchhiker's Guide to the Galaxy'
-Written by: Douglas Adams
Published on: 1979-10-12
-Id: 47e410f2-f4b2-4afd-9d80-8e16b79f94932024-05-06 15:49:42.742642200'Oh, the Places You'll Go!'
-Written by: Dr. Seuss
Published on: 1990-01-22
-Id: 6fc0619c-cd1c-45ee-80b7-f28e2083ebe02024-05-06 15:49:42.742642200'Stranger in a Strange Land'
-Written by: Robert A. Heinlein
Published on: 1961-06-01
-Id: 76ee53c6-35d6-4a26-ad0c-122e4ec612202024-05-06 15:49:42.743639900'The Moon is a Harsh Mistress'
-Written by: Robert A. Heinlein
Published on: 1966-06-02
-Id: 3df419ec-7ea1-49d7-ad3d-eb2c9d6bf8b92024-05-06 15:49:42.743639900'Going Postal'
-Written by: Terry Pratchett
Published on: 2004-09-25
-Id: cccb8870-ab0e-4d08-9097-40fd921f46ba2024-05-06 15:49:42.743639900'Raising Steam'
-Written by: Terry Pratchett
Published on: 2013-11-07
-Id: 174d53c2-b1d8-4b32-8717-4a6c874c5bea2024-05-06 15:49:42.744640'Making Money'
-Written by: Terry Pratchett
Published on: 2007-09-18
-Id: a33fc8f1-c889-434e-a604-48ecfa4fce712024-05-06 15:49:42.744640'The Fellowship of the Ring'
-Written by: J. R. R. Tolkien
Published on: 1954-07-29
-Id: 5f9a527d-d062-4a29-9a20-8388d8a02e952024-05-06 15:49:42.744640'The Two Towers'
-Written by: J. R. R. Tolkien
Published on: 1954-11-11
-Id: a91447b4-9d9c-46d2-a91d-6b24ca2561892024-05-06 15:49:42.745639700'The Return of the King'
-Written by: J. R. R. Tolkien
Published on: 1955-10-20
-Id: a00554b8-75fb-453d-8f93-d2ed46394c1e2024-05-06 15:49:42.747152100'Oh, the Places You'll Go!'
-Written by: Dr. Seuss
Published on: 1990-01-22
-Id: d0f91fd2-31b7-42d6-88ac-acac9f8264662024-05-06 15:49:42.747152100'The Fellowship of the Ring'
-Written by: J. R. R. Tolkien
Published on: 1954-07-29
-Id: 8959c29c-fda8-42a6-9043-6083608cf9572024-05-06 15:49:42.748158400'The Two Towers'
-Written by: J. R. R. Tolkien
Published on: 1954-11-11
-Id: 8beab772-4b96-460a-a81f-2cf71334ecb92024-05-06 15:49:42.748158400'The Return of the King'
-Written by: J. R. R. Tolkien
Published on: 1955-10-20
-Id: 5348a8e8-99ee-4f96-9dc9-335ccfda40b32024-05-06 15:49:42.748688500'The Hunger Games'
-Written by: Suzanne Collins
Published on: 2008-09-14
-Id: 3ed32d6e-18a4-4100-8435-20eb1c9541b02024-05-06 15:49:42.749694100'Piranesi'
-Written by: Susanna Clarke
Published on: 2020-09-15
-Id: 8d0b2ecb-3e31-44f5-a8fe-c170b1e0fad72024-05-06 15:49:42.750695800'Once Upon an Algorithm'
-Written by: Martin Erwig
Published on: 2017-08-11
-Id: bdcea931-983d-4919-ba13-709a9db197d12024-05-06 15:49:42.752697900'Raising Steam'
-Written by: Terry Pratchett
Published on: 2013-11-07
-Id: 69e80b34-bb3a-413a-920e-ed4a5dac6c052024-05-06 15:49:42.752697900'Making Money'
-Written by: Terry Pratchett
Published on: 2007-09-18
-Id: 05d67bad-d73e-4a32-8fee-827167ad85e32024-05-06 15:49:42.752697900'Going Postal'
-Written by: Terry Pratchett
Published on: 2004-09-25
-Id: 22161271-2c9c-4159-89d1-1df28bc166282024-05-06 15:49:42.753695500'Exhalation'
-Written by: Ted Chiang
Published on: 2008-11-15
-Id: 344036d0-d95e-4cfa-a82b-402adaf273022024-05-06 15:49:42.753695500'Jurassic Park'
-Written by: Michael Crichton
Published on: 1990-11-20
-Id: 38bd0612-2448-4932-8e04-9f8b229acc182024-05-06 15:49:42.753695500'Good Omens: The Nice and Accurate Prophecies of Agnes Nutter, Witch'
-Written by: Terry Pratchett & Neil Gaiman
Published on: 1990-05-01
-Id: 834de76f-fe90-4efb-af47-7bce1de278d82024-05-06 15:49:42.754693300'The Hitchhiker's Guide to the Galaxy'
-Written by: Douglas Adams
Published on: 1979-10-12
-Id: dc61c7c8-9f6f-41c5-bf6a-19551adbe16e2024-05-06 15:49:42.754693300'The Two Towers'
-Written by: J. R. R. Tolkien
Published on: 1954-11-11
-Id: e6f2f9db-024b-48a0-8341-518330a74a6c2024-05-06 15:49:42.754693300'The Fellowship of the Ring'
-Written by: J. R. R. Tolkien
Published on: 1954-07-29
-Id: 8e7c8fc2-0915-45f8-af35-6a82442d34262024-05-06 15:49:42.755694500'The Return of the King'
-Written by: J. R. R. Tolkien
Published on: 1955-10-20
-Id: 6959a292-4162-42db-9d13-52c3856f84ee2024-05-06 15:49:42.755694500'Animal Farm'
-Written by: George Orwell
Published on: 1945-08-17
-Id: 4f0d770e-8602-4138-b620-75ab5394e3132024-05-06 15:49:42.756199100'Racing the Beam'
-Written by: Nick Montfort and Ian Bogost
Published on: 2009-03-01
-Id: 7ed2b3f2-cea1-4155-9466-b0850a7e32fc2024-05-06 15:49:42.756199100'Programming for the Puzzled'
-Written by: Srini Devadas
Published on: 2017-11-09
-Id: e579f9c2-4050-44b6-b144-28bef54d69762024-05-06 15:49:42.757205800'Once Upon an Algorithm'
-Written by: Martin Erwig
Published on: 2017-08-11
-Id: 54db9a0b-33e3-49a5-bd3f-0b3ba3b9dfc42024-05-06 15:49:42.757205800'The Moon is a Harsh Mistress'
-Written by: Robert A. Heinlein
Published on: 1966-06-02
-Id: 3f5a4bbb-ae05-4bf4-becd-c26e5f2fa7832024-05-06 15:49:42.757205800'Stranger in a Strange Land'
-Written by: Robert A. Heinlein
Published on: 1961-06-01
-Id: 2436df17-c0c0-4614-bfd4-61bcf8776b7e2024-05-06 15:57:15.957245200'Exhalation'
-Written by: Ted Chiang
Published on: 2008-11-15
-Id: 7c6ee1d7-bd36-49f7-878a-34295a7ee9e42024-05-06 15:57:15.967246300'Good Omens: The Nice and Accurate Prophecies of Agnes Nutter, Witch'
-Written by: Terry Pratchett & Neil Gaiman
Published on: 1990-05-01
-Id: a82b58e5-43b9-4da0-8de9-a2d71d6af0702024-05-06 15:57:15.968246100'Foundation'
-Written by: Isaac Asimov
Published on: 1951-08-30
-Id: acc08eae-80d0-41be-9f22-06f724be70b22024-05-06 15:57:15.968246100'Foundation's Edge'
-Written by: Isaac Asimov
Published on: 1982-10-28
-Id: 1df4298a-fa55-4894-b8ee-1ffd83e7fd892024-05-06 15:57:15.969244'The Hunger Games'
-Written by: Suzanne Collins
Published on: 2008-09-14
-Id: 44330791-a2ed-47b2-b3a6-3c7de018c2c62024-05-06 15:57:15.969244'Going Postal'
-Written by: Terry Pratchett
Published on: 2004-09-25
-Id: 4b339ce3-6d31-4209-889a-5e13867e97742024-05-06 15:57:15.970245100'Making Money'
-Written by: Terry Pratchett
Published on: 2007-09-18
-Id: 570fd110-c05c-4d40-8d7f-9a77ef4a82972024-05-06 15:57:15.970245100'Stranger in a Strange Land'
-Written by: Robert A. Heinlein
Published on: 1961-06-01
-Id: afea3fdd-3364-4729-85a6-8230e9c46b472024-05-06 15:57:15.972243600'Exhalation'
-Written by: Ted Chiang
Published on: 2008-11-15
-Id: 1520a4ac-4cee-42a2-9c6a-9c9bc77289282024-05-06 15:57:15.972243600'Good Omens: The Nice and Accurate Prophecies of Agnes Nutter, Witch'
-Written by: Terry Pratchett & Neil Gaiman
Published on: 1990-05-01
-Id: 46104e91-f2f5-4b98-be9e-ec859745182b2024-05-06 15:57:15.973243900'The Hitchhiker's Guide to the Galaxy'
-Written by: Douglas Adams
Published on: 1979-10-12
-Id: e2f0059f-75e9-48a0-b8d5-bc4914615a7a2024-05-06 15:57:15.973243900'Animal Farm'
-Written by: George Orwell
Published on: 1945-08-17
-Id: 36800166-4512-4490-a65c-6d3b7b1d8a5b2024-05-06 15:57:15.975244500'Jurassic Park'
-Written by: Michael Crichton
Published on: 1990-11-20
-Id: cc1e7604-1ec0-4d4e-a81d-c7289b28fa572024-05-06 15:57:15.976244900'The Hitchhiker's Guide to the Galaxy'
-Written by: Douglas Adams
Published on: 1979-10-12
-Id: 342f4480-77b1-4718-8903-702113d3a1b92024-05-06 15:57:15.976244900'Oh, the Places You'll Go!'
-Written by: Dr. Seuss
Published on: 1990-01-22
-Id: 512434e6-47b0-4f8c-b193-de67aced11762024-05-06 15:57:15.977244500'Stranger in a Strange Land'
-Written by: Robert A. Heinlein
Published on: 1961-06-01
-Id: 95cef05a-162c-41ad-b654-ba90d3cfd3462024-05-06 15:57:15.977244500'The Moon is a Harsh Mistress'
-Written by: Robert A. Heinlein
Published on: 1966-06-02
-Id: f6ff3834-f674-4ee3-beaa-200c2190b9192024-05-06 15:57:15.978248800'Going Postal'
-Written by: Terry Pratchett
Published on: 2004-09-25
-Id: 1f864cbb-8a8f-4214-a0c4-0338ed0975512024-05-06 15:57:15.978248800'Raising Steam'
-Written by: Terry Pratchett
Published on: 2013-11-07
-Id: 58fc5ab9-1dd4-4296-bda4-b3a3b4368c292024-05-06 15:57:15.979243700'Making Money'
-Written by: Terry Pratchett
Published on: 2007-09-18
-Id: 73212fe5-ce24-45f1-a81e-6af732ae0d372024-05-06 15:57:15.979243700'The Fellowship of the Ring'
-Written by: J. R. R. Tolkien
Published on: 1954-07-29
-Id: a92f470c-9b11-4b34-9e46-8364315fa8332024-05-06 15:57:15.979243700'The Two Towers'
-Written by: J. R. R. Tolkien
Published on: 1954-11-11
-Id: 6cf678e8-9f87-48db-b1af-2a1bd4ee33b62024-05-06 15:57:15.980243800'The Return of the King'
-Written by: J. R. R. Tolkien
Published on: 1955-10-20
-Id: 4d76d115-e8b6-400b-b2e4-174f6a71a45e2024-05-06 15:57:15.981244900'Oh, the Places You'll Go!'
-Written by: Dr. Seuss
Published on: 1990-01-22
-Id: cf1afc87-0ef8-4f88-acc9-6d2af4eed67f2024-05-06 15:57:15.981244900'The Fellowship of the Ring'
-Written by: J. R. R. Tolkien
Published on: 1954-07-29
-Id: bd163aea-ceda-4986-8c5d-bfc57bc535e42024-05-06 15:57:15.981244900'The Two Towers'
-Written by: J. R. R. Tolkien
Published on: 1954-11-11
-Id: c8242f79-a58c-4571-8e94-8386065f96fe2024-05-06 15:57:15.982245100'The Return of the King'
-Written by: J. R. R. Tolkien
Published on: 1955-10-20
-Id: 0ea5bd29-9890-413a-b491-0d3bde27e33f2024-05-06 15:57:15.982245100'The Hunger Games'
-Written by: Suzanne Collins
Published on: 2008-09-14
-Id: 5b190ac2-e4a3-4afd-be33-4c188465862c2024-05-06 15:57:15.983244300'Piranesi'
-Written by: Susanna Clarke
Published on: 2020-09-15
-Id: 7b23b0a2-9854-48c6-a106-7bcbd90ec4522024-05-06 15:57:15.983244300'Once Upon an Algorithm'
-Written by: Martin Erwig
Published on: 2017-08-11
-Id: 38ed0a1e-5abe-4479-a09d-daa447af8c222024-05-06 15:57:15.985244400'Raising Steam'
-Written by: Terry Pratchett
Published on: 2013-11-07
-Id: ed3cc616-a128-4112-9084-d9f48f8b36022024-05-06 15:57:15.986245500'Making Money'
-Written by: Terry Pratchett
Published on: 2007-09-18
-Id: 3773b497-52e4-4b2d-ba03-9156734cb3a82024-05-06 15:57:15.986245500'Going Postal'
-Written by: Terry Pratchett
Published on: 2004-09-25
-Id: c22ffddd-3699-43d5-9e4f-80d8db89566c2024-05-06 15:57:15.986245500'Exhalation'
-Written by: Ted Chiang
Published on: 2008-11-15
-Id: d95d898e-c49f-402f-b51b-3fcd6cc594842024-05-06 15:57:15.987245600'Jurassic Park'
-Written by: Michael Crichton
Published on: 1990-11-20
-Id: 9187386e-cf86-4a53-a747-b98a70b52e672024-05-06 15:57:15.987245600'Good Omens: The Nice and Accurate Prophecies of Agnes Nutter, Witch'
-Written by: Terry Pratchett & Neil Gaiman
Published on: 1990-05-01
-Id: a6ba6a18-6ac7-40ca-b0e1-22f7653b52912024-05-06 15:57:15.987245600'The Hitchhiker's Guide to the Galaxy'
-Written by: Douglas Adams
Published on: 1979-10-12
-Id: a47e6db1-64a9-4761-806d-bbf7942aa6b12024-05-06 15:57:15.987245600'The Two Towers'
-Written by: J. R. R. Tolkien
Published on: 1954-11-11
-Id: a2a02ae2-37b2-4121-9877-d51f8bff3fab2024-05-06 15:57:15.988244200'The Fellowship of the Ring'
-Written by: J. R. R. Tolkien
Published on: 1954-07-29
-Id: 5a083a53-0b71-4cef-88d6-f31a190ab8cc2024-05-06 15:57:15.988244200'The Return of the King'
-Written by: J. R. R. Tolkien
Published on: 1955-10-20
-Id: 815de00a-9a06-49ed-a132-eaba9c6f427c2024-05-06 15:57:15.988244200'Animal Farm'
-Written by: George Orwell
Published on: 1945-08-17
-Id: 49844c80-e85d-410f-a8db-184f4dc8a4762024-05-06 15:57:15.988244200'Racing the Beam'
-Written by: Nick Montfort and Ian Bogost
Published on: 2009-03-01
-Id: 4d35d328-b51b-4859-8f6b-6da7b2aab65f2024-05-06 15:57:15.989243900'Programming for the Puzzled'
-Written by: Srini Devadas
Published on: 2017-11-09
-Id: 5bd35f69-84ba-49b7-b068-4ec254ec713c2024-05-06 15:57:15.989243900'Once Upon an Algorithm'
-Written by: Martin Erwig
Published on: 2017-08-11
-Id: afa659a3-2910-4813-aae0-bf9bc4ce45142024-05-06 15:57:15.989243900'The Moon is a Harsh Mistress'
-Written by: Robert A. Heinlein
Published on: 1966-06-02
-Id: 0ddf0d8a-249c-4f69-964a-91a04a0df0c42024-05-06 15:57:15.990245200'Stranger in a Strange Land'
-Written by: Robert A. Heinlein
Published on: 1961-06-01
-Id: 4caf010a-c222-4c64-823d-807b8a1bdded2024-05-06 15:58:31.422464100'Exhalation'
-Written by: Ted Chiang
Published on: 2008-11-15
-Id: a6441f38-5b29-47f6-a288-1dfd27d05a852024-05-06 15:58:31.438463900'Good Omens: The Nice and Accurate Prophecies of Agnes Nutter, Witch'
-Written by: Terry Pratchett & Neil Gaiman
Published on: 1990-05-01
-Id: 65a240fe-37c9-4513-a2c8-99b9f9e8cb262024-05-06 15:58:31.438463900'Foundation'
-Written by: Isaac Asimov
Published on: 1951-08-30
-Id: 3594de5e-df36-4034-9947-40528ad35d4e2024-05-06 15:58:31.439464500'Foundation's Edge'
-Written by: Isaac Asimov
Published on: 1982-10-28
-Id: e62012ab-74c9-4f1d-bd79-f305b0f69d2f2024-05-06 15:58:31.440467700'The Hunger Games'
-Written by: Suzanne Collins
Published on: 2008-09-14
-Id: 97a397b3-bf69-4686-9a75-eb5d13caee9f2024-05-06 15:58:31.441465500'Going Postal'
-Written by: Terry Pratchett
Published on: 2004-09-25
-Id: bb0ef01c-2133-42e1-84e4-381ebc04e7432024-05-06 15:58:31.442464400'Making Money'
-Written by: Terry Pratchett
Published on: 2007-09-18
-Id: 9469666d-5d1a-47db-9176-9be6f1167caa2024-05-06 15:58:31.444464'Stranger in a Strange Land'
-Written by: Robert A. Heinlein
Published on: 1961-06-01
-Id: 1e66e931-4114-4d8c-841c-5437ec1cfa332024-05-06 15:58:31.445464400'Exhalation'
-Written by: Ted Chiang
Published on: 2008-11-15
-Id: 714a82b2-c985-4e5e-bf6b-b4001f2254f62024-05-06 15:58:31.450463600'Good Omens: The Nice and Accurate Prophecies of Agnes Nutter, Witch'
-Written by: Terry Pratchett & Neil Gaiman
Published on: 1990-05-01
-Id: dcdbc800-dc02-4638-bedc-0289ba2769b22024-05-06 15:58:31.451464800'The Hitchhiker's Guide to the Galaxy'
-Written by: Douglas Adams
Published on: 1979-10-12
-Id: c37bc3ce-485b-4732-b53b-e97612c4b4f22024-05-06 15:58:31.452463400'Animal Farm'
-Written by: George Orwell
Published on: 1945-08-17
-Id: fd6adf90-850f-40cb-a0f4-2eefffd41ee72024-05-06 15:58:31.453463500'Jurassic Park'
-Written by: Michael Crichton
Published on: 1990-11-20
-Id: bd26ec31-a838-476b-b2e8-33f4a2d2ac8e2024-05-06 15:58:31.454463400'The Hitchhiker's Guide to the Galaxy'
-Written by: Douglas Adams
Published on: 1979-10-12
-Id: 3fc2ba21-64b9-47ec-abb4-71d8299555eb2024-05-06 15:58:31.455465400'Oh, the Places You'll Go!'
-Written by: Dr. Seuss
Published on: 1990-01-22
-Id: 8f523be1-3952-4bd8-9ac3-659f3c742ee62024-05-06 15:58:31.456464600'Stranger in a Strange Land'
-Written by: Robert A. Heinlein
Published on: 1961-06-01
-Id: 906b6725-bf54-4b03-bdcf-caff38aa705d2024-05-06 15:58:31.457466300'The Moon is a Harsh Mistress'
-Written by: Robert A. Heinlein
Published on: 1966-06-02
-Id: 60e8c083-da57-47d3-878b-1589bca66a1d2024-05-06 15:58:31.458464100'Going Postal'
-Written by: Terry Pratchett
Published on: 2004-09-25
-Id: 22f02ddd-cb3a-4a84-a824-3c0a9c5b9ddb2024-05-06 15:58:31.458464100'Raising Steam'
-Written by: Terry Pratchett
Published on: 2013-11-07
-Id: ec70134b-81a2-46f0-b93f-22813e504e2f2024-05-06 15:58:31.459463600'Making Money'
-Written by: Terry Pratchett
Published on: 2007-09-18
-Id: 5841e998-14ae-48a5-ae49-9164c0c288c52024-05-06 15:58:31.459463600'The Fellowship of the Ring'
-Written by: J. R. R. Tolkien
Published on: 1954-07-29
-Id: 970d4726-60ad-4951-af70-d239523e4ff62024-05-06 15:58:31.460467100'The Two Towers'
-Written by: J. R. R. Tolkien
Published on: 1954-11-11
-Id: 4039a23e-c67c-4cae-89bf-0740f837a7bb2024-05-06 15:58:31.460467100'The Return of the King'
-Written by: J. R. R. Tolkien
Published on: 1955-10-20
-Id: 601d70a8-60da-475d-81d2-7b8cc01cf19b2024-05-06 15:58:31.463464200'Oh, the Places You'll Go!'
-Written by: Dr. Seuss
Published on: 1990-01-22
-Id: a5130f60-4b82-469e-bef4-2dec537456452024-05-06 15:58:31.463464200'The Fellowship of the Ring'
-Written by: J. R. R. Tolkien
Published on: 1954-07-29
-Id: c1f0a6f4-03a6-452f-ba26-100a2dbca45a2024-05-06 15:58:31.463464200'The Two Towers'
-Written by: J. R. R. Tolkien
Published on: 1954-11-11
-Id: b48557a5-2d44-4438-9b1c-ccb2ec9f36e72024-05-06 15:58:31.464466900'The Return of the King'
-Written by: J. R. R. Tolkien
Published on: 1955-10-20
-Id: 06a6dad3-aa44-453c-8e3d-199970e17e822024-05-06 15:58:31.465465700'The Hunger Games'
-Written by: Suzanne Collins
Published on: 2008-09-14
-Id: 0dc62c26-0eb1-40ad-866c-a87ce5d4a6e62024-05-06 15:58:31.467463900'Piranesi'
-Written by: Susanna Clarke
Published on: 2020-09-15
-Id: 4702c466-c93d-47ad-a691-d7c3329435842024-05-06 15:58:31.468463300'Once Upon an Algorithm'
-Written by: Martin Erwig
Published on: 2017-08-11
-Id: dc5f0703-2b93-4b3d-ac14-cfaa1debc3b12024-05-06 15:58:31.474464300'Raising Steam'
-Written by: Terry Pratchett
Published on: 2013-11-07
-Id: 48773cae-5745-484e-83af-89dd658d18642024-05-06 15:58:31.475464200'Making Money'
-Written by: Terry Pratchett
Published on: 2007-09-18
-Id: ed612e5c-528b-4258-99d0-91983941768e2024-05-06 15:58:31.475464200'Going Postal'
-Written by: Terry Pratchett
Published on: 2004-09-25
-Id: ac914def-d041-4873-8f88-c22bb4f7e8842024-05-06 15:58:31.475464200'Exhalation'
-Written by: Ted Chiang
Published on: 2008-11-15
-Id: 52144b89-c8a5-4f0b-aec6-891bd363a8382024-05-06 15:58:31.476463400'Jurassic Park'
-Written by: Michael Crichton
Published on: 1990-11-20
-Id: 09b7fae5-653c-4335-be43-c5d5f9e7f6102024-05-06 15:58:31.476463400'Good Omens: The Nice and Accurate Prophecies of Agnes Nutter, Witch'
-Written by: Terry Pratchett & Neil Gaiman
Published on: 1990-05-01
-Id: b1aa8178-0288-45c5-94a0-a5bd52dc04472024-05-06 15:58:31.476463400'The Hitchhiker's Guide to the Galaxy'
-Written by: Douglas Adams
Published on: 1979-10-12
-Id: 79f6f76b-dc67-4348-bbf2-3a2e4b3b2e302024-05-06 15:58:31.477464300'The Two Towers'
-Written by: J. R. R. Tolkien
Published on: 1954-11-11
-Id: 42a1a3e1-2ec1-47f6-afe3-5aa4572c90ef2024-05-06 15:58:31.477464300'The Fellowship of the Ring'
-Written by: J. R. R. Tolkien
Published on: 1954-07-29
-Id: a5b739a2-a885-4942-805c-6ca80f8e15df2024-05-06 15:58:31.477464300'The Return of the King'
-Written by: J. R. R. Tolkien
Published on: 1955-10-20
-Id: 986b5596-5026-4600-a3cb-de4f2c99eef82024-05-06 15:58:31.478463600'Animal Farm'
-Written by: George Orwell
Published on: 1945-08-17
-Id: b2d5a901-7429-4bba-bbc3-a5268f2b3e462024-05-06 15:58:31.478463600'Racing the Beam'
-Written by: Nick Montfort and Ian Bogost
Published on: 2009-03-01
-Id: 840f23da-4203-4951-b357-75f836106ac62024-05-06 15:58:31.478463600'Programming for the Puzzled'
-Written by: Srini Devadas
Published on: 2017-11-09
-Id: 958c9060-ef1d-41e7-b37b-e58a8b21387f2024-05-06 15:58:31.478463600'Once Upon an Algorithm'
-Written by: Martin Erwig
Published on: 2017-08-11
-Id: 09008f76-71f2-4eac-b018-ecd4da590a602024-05-06 15:58:31.479464500'The Moon is a Harsh Mistress'
-Written by: Robert A. Heinlein
Published on: 1966-06-02
-Id: b48dc6bf-c656-4af6-b949-771b06ac892f2024-05-06 15:58:31.479464500'Stranger in a Strange Land'
-Written by: Robert A. Heinlein
Published on: 1961-06-01
-Id: 890f46eb-0a5b-4765-8843-f41b725c12bc2024-05-06 16:04:28.907498200'Exhalation'
- Written by: Ted Chiang
- Published on: 2008-11-15
- Id: 25aa0b18-0a39-4721-9345-4b61de7fe74c
2024-05-06 16:04:28.929497400'Good Omens: The Nice and Accurate Prophecies of Agnes Nutter, Witch'
- Written by: Terry Pratchett & Neil Gaiman
- Published on: 1990-05-01
- Id: dfb32fa2-723f-43b8-83df-41f8c828fdd4
2024-05-06 16:04:28.929497400'Foundation'
- Written by: Isaac Asimov
- Published on: 1951-08-30
- Id: 1cba7166-ff09-407e-a77c-0e905b8e757f
2024-05-06 16:04:28.929497400'Foundation's Edge'
- Written by: Isaac Asimov
- Published on: 1982-10-28
- Id: 080ca749-90dd-4b55-a707-16a2c022a3b7
2024-05-06 16:04:28.937497100'The Hunger Games'
- Written by: Suzanne Collins
- Published on: 2008-09-14
- Id: c4c868d8-3c4e-44d2-880a-6e01df811625
2024-05-06 16:04:28.938497100'Going Postal'
- Written by: Terry Pratchett
- Published on: 2004-09-25
- Id: 99430b32-8fc0-469b-9b03-d433bfaba506
2024-05-06 16:04:28.940497900'Making Money'
- Written by: Terry Pratchett
- Published on: 2007-09-18
- Id: 65431d4b-f02b-4496-9da8-718afd8056a4
2024-05-06 16:04:28.941498300'Stranger in a Strange Land'
- Written by: Robert A. Heinlein
- Published on: 1961-06-01
- Id: 44868182-65ff-4e25-8eec-8a9bf13a2850
2024-05-06 16:04:28.942497500'Exhalation'
- Written by: Ted Chiang
- Published on: 2008-11-15
- Id: 2c4690b4-9081-44f2-8c98-cd784b2ab6da
2024-05-06 16:04:28.948496500'Good Omens: The Nice and Accurate Prophecies of Agnes Nutter, Witch'
- Written by: Terry Pratchett & Neil Gaiman
- Published on: 1990-05-01
- Id: e6a189aa-daea-4a69-b4db-ce3cd105f829
2024-05-06 16:04:28.949498800'The Hitchhiker's Guide to the Galaxy'
- Written by: Douglas Adams
- Published on: 1979-10-12
- Id: 85013924-6a88-4d2b-938e-aff9a6f7b3b1
2024-05-06 16:04:28.950498400'Animal Farm'
- Written by: George Orwell
- Published on: 1945-08-17
- Id: 492e3802-ea66-4fdc-8420-c414763b1c76
2024-05-06 16:04:28.953498200'Jurassic Park'
- Written by: Michael Crichton
- Published on: 1990-11-20
- Id: de3d91cb-96c8-456a-84f1-2a31bf1b90b6
2024-05-06 16:04:28.953498200'The Hitchhiker's Guide to the Galaxy'
- Written by: Douglas Adams
- Published on: 1979-10-12
- Id: 46e22c5a-9063-4f0b-8a4f-2183a3a3e2bb
2024-05-06 16:04:28.954497900'Oh, the Places You'll Go!'
- Written by: Dr. Seuss
- Published on: 1990-01-22
- Id: 75a474d4-6499-4007-8dd8-50de774b544f
2024-05-06 16:04:28.955498'Stranger in a Strange Land'
- Written by: Robert A. Heinlein
- Published on: 1961-06-01
- Id: 6bb4a24e-0300-496a-8f2c-211849a6a857
2024-05-06 16:04:28.956497700'The Moon is a Harsh Mistress'
- Written by: Robert A. Heinlein
- Published on: 1966-06-02
- Id: 96d20a24-5ff7-45c8-b43a-2226032fd825
2024-05-06 16:04:28.956497700'Going Postal'
- Written by: Terry Pratchett
- Published on: 2004-09-25
- Id: b92721cb-8f8b-4d31-9f63-0aa6b35ad34d
2024-05-06 16:04:28.957497500'Raising Steam'
- Written by: Terry Pratchett
- Published on: 2013-11-07
- Id: 3d8ee2a1-0562-4deb-b3cf-757a552bb6ef
2024-05-06 16:04:28.958500200'Making Money'
- Written by: Terry Pratchett
- Published on: 2007-09-18
- Id: b2e88dbb-a637-4276-86ea-480b1bd07be1
2024-05-06 16:04:28.959497100'The Fellowship of the Ring'
- Written by: J. R. R. Tolkien
- Published on: 1954-07-29
- Id: 831481fe-4633-4d2c-aedb-78f86a0524af
2024-05-06 16:04:28.959497100'The Two Towers'
- Written by: J. R. R. Tolkien
- Published on: 1954-11-11
- Id: 6abea8fa-136e-4472-a7c6-c7cd2a562f12
2024-05-06 16:04:28.960498600'The Return of the King'
- Written by: J. R. R. Tolkien
- Published on: 1955-10-20
- Id: 93c02fb1-9800-4c66-b29f-a15c6447d562
2024-05-06 16:04:28.963498100'Oh, the Places You'll Go!'
- Written by: Dr. Seuss
- Published on: 1990-01-22
- Id: 0016ba41-217c-4225-bd89-85d07dfc5f73
2024-05-06 16:04:28.963498100'The Fellowship of the Ring'
- Written by: J. R. R. Tolkien
- Published on: 1954-07-29
- Id: 1811e881-7338-46ae-9916-ea8f617bbb4f
2024-05-06 16:04:28.963498100'The Two Towers'
- Written by: J. R. R. Tolkien
- Published on: 1954-11-11
- Id: 2c94b740-1538-4937-9717-df3678457eef
2024-05-06 16:04:28.964497400'The Return of the King'
- Written by: J. R. R. Tolkien
- Published on: 1955-10-20
- Id: 5fd6cbcb-d600-407c-9ee0-f29d8aa4fd69
2024-05-06 16:04:28.965497900'The Hunger Games'
- Written by: Suzanne Collins
- Published on: 2008-09-14
- Id: 70e00179-dc77-4dd3-8c97-a56cc8890e0d
2024-05-06 16:04:28.967497700'Piranesi'
- Written by: Susanna Clarke
- Published on: 2020-09-15
- Id: e43df7ff-c6b5-4272-b1bd-52031676e2cb
2024-05-06 16:04:28.968498300'Once Upon an Algorithm'
- Written by: Martin Erwig
- Published on: 2017-08-11
- Id: 5d2febe6-1685-48ec-8f71-2f4019a43acf
2024-05-06 16:04:28.974501200'Raising Steam'
- Written by: Terry Pratchett
- Published on: 2013-11-07
- Id: a6578130-4dbd-42bf-ac65-bfa2435119e2
2024-05-06 16:04:28.974501200'Making Money'
- Written by: Terry Pratchett
- Published on: 2007-09-18
- Id: 865e98e9-c3b1-42d4-8853-ade0cdf3d79b
2024-05-06 16:04:28.975498800'Going Postal'
- Written by: Terry Pratchett
- Published on: 2004-09-25
- Id: da851e73-3b65-4e0f-9583-e179a46d9acb
2024-05-06 16:04:28.975498800'Exhalation'
- Written by: Ted Chiang
- Published on: 2008-11-15
- Id: caf1d15a-7a74-4da5-b16d-e29bbd2ed42c
2024-05-06 16:04:28.975498800'Jurassic Park'
- Written by: Michael Crichton
- Published on: 1990-11-20
- Id: 5b08f9e7-fb67-49c9-a576-c3513db8aaae
2024-05-06 16:04:28.975498800'Good Omens: The Nice and Accurate Prophecies of Agnes Nutter, Witch'
- Written by: Terry Pratchett & Neil Gaiman
- Published on: 1990-05-01
- Id: f8dc6c82-66cb-4501-b583-d72a4dfe48c9
2024-05-06 16:04:28.975498800'The Hitchhiker's Guide to the Galaxy'
- Written by: Douglas Adams
- Published on: 1979-10-12
- Id: 6721761e-0b22-4978-9e86-7fa71fb50d4b
2024-05-06 16:04:28.976497600'The Two Towers'
- Written by: J. R. R. Tolkien
- Published on: 1954-11-11
- Id: 453c8fcd-89d2-4cbe-b084-c343ffd5aa9e
2024-05-06 16:04:28.976497600'The Fellowship of the Ring'
- Written by: J. R. R. Tolkien
- Published on: 1954-07-29
- Id: 2de09079-16bc-4395-992d-91826d961508
2024-05-06 16:04:28.976497600'The Return of the King'
- Written by: J. R. R. Tolkien
- Published on: 1955-10-20
- Id: 0a96cfc4-ccf0-404a-a445-86c2997b7257
2024-05-06 16:04:28.977497800'Animal Farm'
- Written by: George Orwell
- Published on: 1945-08-17
- Id: 64c92288-6a25-44a1-9cde-226dfc631fac
2024-05-06 16:04:28.977497800'Racing the Beam'
- Written by: Nick Montfort and Ian Bogost
- Published on: 2009-03-01
- Id: 51ba4f0f-18b8-46d5-b0a6-f31a33621f2c
2024-05-06 16:04:28.977497800'Programming for the Puzzled'
- Written by: Srini Devadas
- Published on: 2017-11-09
- Id: d7f6fbae-9a89-4d02-9c83-08ddf8576e36
2024-05-06 16:04:28.977497800'Once Upon an Algorithm'
- Written by: Martin Erwig
- Published on: 2017-08-11
- Id: a5dfe0a4-aea8-401a-b0f2-e56e08993695
2024-05-06 16:04:28.978499'The Moon is a Harsh Mistress'
- Written by: Robert A. Heinlein
- Published on: 1966-06-02
- Id: f9a5b87a-b427-467c-b36e-d952f531ef90
2024-05-06 16:04:28.978499'Stranger in a Strange Land'
- Written by: Robert A. Heinlein
- Published on: 1961-06-01
- Id: e9321f40-7a29-4199-bf65-4d9d148ae9d9
