2024-05-06 15:58:31.439464500'Home Alone'
- Directed by Chris Columbus
- Released on 1990-11-16
-Id: d29b0cd8-55da-4cfa-8065-7ce21bf04db42024-05-06 15:58:31.441465500'Jurassic Park'
- Directed by Steven Spielberg
- Released on 1993-06-11
-Id: 63b400c0-de88-4e78-9921-5c5a81bf46232024-05-06 15:58:31.446465200'Memento'
- Directed by Christopher Nolan
- Released on 2000-10-11
-Id: 1f0671f4-38a7-407b-80e3-8f1ea895940d2024-05-06 15:58:31.446465200'Inception'
- Directed by Christopher Nolan
- Released on 2010-07-15
-Id: 4ece63ec-8573-4d23-a02f-2d88f4a336eb2024-05-06 15:58:31.446465200'Interstellar'
- Directed by Christopher Nolan
- Released on 2014-11-05
-Id: ffc52eb4-8f7b-487a-8fdc-7ea6fc9085732024-05-06 15:58:31.447466100'Rogue One'
- Directed by Gareth Edwards
- Released on 2016-12-16
-Id: 9c3cc03c-0bcd-4e79-8a47-f59753d3d6502024-05-06 15:58:31.447466100'Contact'
- Directed by Robert Zemeckis
- Released on 1997-07-11
-Id: b1af8fc1-22ac-4c77-a99e-f827720f7b752024-05-06 15:58:31.447466100'Jurassic Park'
- Directed by Steven Spielberg
- Released on 1993-06-11
-Id: 15cd994a-5a9d-455b-b5c1-de603c0fdf892024-05-06 15:58:31.448466300'The Hitchhiker's Guide to the Galaxy'
- Directed by Garth Jennings
- Released on 2005-04-28
-Id: 40b1124d-c55a-456f-92e6-f7e64ebb5d122024-05-06 15:58:31.448466300'Star Wars'
- Directed by George Lucas
- Released on 1977-05-25
-Id: d9aec844-1c4c-4d79-854b-288c9bda81332024-05-06 15:58:31.448466300'Star Trek'
- Directed by J.J. Abrams
- Released on 2009-05-06
-Id: 99ecfa5a-ffca-4a79-8549-29181978fb322024-05-06 15:58:31.448466300'Star Trek Into Darkness'
- Directed by J.J. Abrams
- Released on 2013-05-05
-Id: e99acbbb-e3a7-415e-82e1-183cfe553df72024-05-06 15:58:31.449465500'Forrest Gump'
- Directed by Robert Zemeckis
- Released on 1994-07-06
-Id: ec194f4e-d175-4e0b-be6e-1926b026cb842024-05-06 15:58:31.450463600'Cast Away'
- Directed by Robert Zemeckis
- Released on 2000-12-22
-Id: 9625bfbf-31a8-4347-838c-ad0bed6f0d772024-05-06 15:58:31.451464800'The Fifth Element'
- Directed by Luc Besson
- Released on 1997-05-02
-Id: 78db267a-35d5-458c-b805-d890ff6db2422024-05-06 15:58:31.451464800'Close Encounters of the Third Kind'
- Directed by Steven Spielberg
- Released on 1977-11-18
-Id: 715bf7c9-423b-4ce4-be4b-9b98a94f9fff2024-05-06 15:58:31.453463500'Star Wars'
- Directed by George Lucas
- Released on 1977-05-25
-Id: 897e6277-ea16-4a42-9b23-21dfda71f3282024-05-06 15:58:31.453463500'Jurassic Park'
- Directed by Steven Spielberg
- Released on 1993-06-11
-Id: 2926971e-7edb-4849-bedc-cf37c77071532024-05-06 15:58:31.454463400'The Hitchhiker's Guide to the Galaxy'
- Directed by Garth Jennings
- Released on 2005-04-28
-Id: 2851ea12-2d46-4ce4-86c3-78596d9271652024-05-06 15:58:31.455465400'Finding Nemo'
- Directed by Andrew Stanton
- Released on 2003-05-30
-Id: 99556cd2-f9a3-4efb-842a-d69ddacc8b7c2024-05-06 15:58:31.456464600'WALL路E'
- Directed by Andrew Stanton
- Released on 2008-06-22
-Id: ae6727af-09d0-4910-af92-62ce2d2a1be42024-05-06 15:58:31.456464600'Coco'
- Directed by Lee Unkrich
- Released on 2017-10-27
-Id: 1e38e866-94f0-4f6d-b9ab-72440cff45d42024-05-06 15:58:31.456464600'Toy Story 3'
- Directed by Lee Unkrich
- Released on 2010-06-16
-Id: 38c6fb9e-2fb5-488c-84f0-3d5dd1ae98072024-05-06 15:58:31.457466300'The Polar Express'
- Directed by Robert Zemeckis
- Released on 2004-11-10
-Id: 797cc00f-1763-4523-a11e-6ffcf382aff22024-05-06 15:58:31.457466300'Shrek'
- Directed by Andrew Adamson
- Released on 2001-05-18
-Id: f0fc52a1-3635-4b25-abd7-66f59e9c9dba2024-05-06 15:58:31.458464100'Home Alone'
- Directed by Chris Columbus
- Released on 1990-11-16
-Id: 5f6ad372-5744-419b-8cfe-d4a745290ff92024-05-06 15:58:31.458464100'Back to the Future Part III'
- Directed by Robert Zemeckis
- Released on 1990-05-25
-Id: 4df5ad02-b0d1-4385-9521-51f54c1802e02024-05-06 15:58:31.459463600'Back to the Future'
- Directed by Robert Zemeckis
- Released on 1985-07-03
-Id: ea5519e5-e974-4e68-964d-115f7d21094d2024-05-06 15:58:31.459463600'Back to the Future Part II'
- Directed by Robert Zemeckis
- Released on 1989-11-22
-Id: 99cb552d-b4d3-4575-a630-550ce1b0363f2024-05-06 15:58:31.460467100'Who Framed Roger Rabbit'
- Directed by Robert Zemeckis
- Released on 1988-06-21
-Id: feef09a4-c421-4a06-a5c4-fb1ad7fe4ff62024-05-06 15:58:31.461464800'The Lord of the Rings: The Fellowship of the Ring'
- Directed by Peter Jackson
- Released on 2001-12-18
-Id: fe6e7eea-f74d-477e-a38b-72a19c99e2c62024-05-06 15:58:31.461464800'The Lord of the Rings: The Two Towers'
- Directed by Peter Jackson
- Released on 2002-12-18
-Id: 06ab61fa-eded-483a-8105-9eaf103867fe2024-05-06 15:58:31.461464800'The Lord of the Rings: The Return of the King'
- Directed by Peter Jackson
- Released on 2003-12-01
-Id: 0f955f02-a49b-46e3-9fdb-f53ae84ed9dc2024-05-06 15:58:31.462463600'Rogue One'
- Directed by Gareth Edwards
- Released on 2016-12-16
-Id: 4404976c-7349-456d-bed6-a912fd5f497f2024-05-06 15:58:31.462463600'The Hitchhiker's Guide to the Galaxy'
- Directed by Garth Jennings
- Released on 2005-04-28
-Id: 1e31dfab-c20c-444d-99e6-dfc2aa00d7a12024-05-06 15:58:31.464466900'Star Trek'
- Directed by J.J. Abrams
- Released on 2009-05-06
-Id: 5d9bb3ed-d2a1-4794-96af-14b1dd1a78222024-05-06 15:58:31.464466900'Star Trek II: The Wrath of Khan'
- Directed by Nicholas Meyer
- Released on 1982-06-04
-Id: 485f3d88-280f-4d20-84f2-5fab5b218a272024-05-06 15:58:31.465465700'Star Trek Into Darkness'
- Directed by J.J. Abrams
- Released on 2013-05-05
-Id: d28ba2ee-bfb7-47d3-bf3d-903b854da9d82024-05-06 15:58:31.465465700'The Lord of the Rings: The Return of the King'
- Directed by Peter Jackson
- Released on 2003-12-01
-Id: 3b470e3a-63fb-443a-b31f-419973f4c0402024-05-06 15:58:31.465465700'The Lord of the Rings: The Two Towers'
- Directed by Peter Jackson
- Released on 2002-12-18
-Id: 6d6794f3-bac8-411a-8e06-94e72bad8aed2024-05-06 15:58:31.466466400'The Lord of the Rings: The Fellowship of the Ring'
- Directed by Peter Jackson
- Released on 2001-12-18
-Id: 66896684-3eeb-4ac0-b427-ba1c7e0e08bf2024-05-06 15:58:31.466466400'Memento'
- Directed by Christopher Nolan
- Released on 2000-10-11
-Id: c445d92c-bc9d-436c-8073-61e8e71795a42024-05-06 15:58:31.466466400'Inception'
- Directed by Christopher Nolan
- Released on 2010-07-15
-Id: f8024e35-17c0-4297-8e83-873b5fdd17e22024-05-06 15:58:31.469465100'Rogue One'
- Directed by Gareth Edwards
- Released on 2016-12-16
-Id: c5c1297d-dd28-440c-92b4-6300677bd5022024-05-06 15:58:31.469465100'Star Wars'
- Directed by George Lucas
- Released on 1977-05-25
-Id: 520957c1-3242-45a0-8f93-920625f823942024-05-06 15:58:31.469465100'Back to the Future'
- Directed by Robert Zemeckis
- Released on 1985-07-03
-Id: 8edf5f1a-529a-456e-a476-e59d7106aaa22024-05-06 15:58:31.470463800'Back to the Future Part II'
- Directed by Robert Zemeckis
- Released on 1989-11-22
-Id: 8fa0f659-d0a3-4944-81c0-e3f877dc41ea2024-05-06 15:58:31.470463800'Back to the Future Part III'
- Directed by Robert Zemeckis
- Released on 1990-05-25
-Id: 3919ee8e-2747-4480-8ab5-1d08b3b7b0a92024-05-06 15:58:31.471465100'The Fifth Element'
- Directed by Luc Besson
- Released on 1997-05-02
-Id: fa295e47-4730-4619-8150-7c5f262a8e022024-05-06 15:58:31.471465100'The Lord of the Rings: The Fellowship of the Ring'
- Directed by Peter Jackson
- Released on 2001-12-18
-Id: 8cc4415e-0032-49c8-b74d-d12ce630cc632024-05-06 15:58:31.472464500'The Lord of the Rings: The Two Towers'
- Directed by Peter Jackson
- Released on 2002-12-18
-Id: efedddcd-bddd-4904-b3bf-451ec3672cfb2024-05-06 15:58:31.472464500'The Lord of the Rings: The Return of the King'
- Directed by Peter Jackson
- Released on 2003-12-01
-Id: 441c3724-daab-4a71-85f0-c4d36e29da432024-05-06 15:58:31.472464500'Close Encounters of the Third Kind'
- Directed by Steven Spielberg
- Released on 1977-11-18
-Id: e46c2bda-1ccd-4b26-a1fb-d061fc1805052024-05-06 15:58:31.473464'Star Trek Into Darkness'
- Directed by J.J. Abrams
- Released on 2013-05-05
-Id: 355f5401-36bb-4adb-96d2-9d7093db70432024-05-06 15:58:31.474464300'Jurassic Park'
- Directed by Steven Spielberg
- Released on 1993-06-11
-Id: c72e0d3c-e73f-4879-b68f-9c3b7bbb818b2024-05-06 15:58:31.477464300'The Hitchhiker's Guide to the Galaxy'
- Directed by Garth Jennings
- Released on 2005-04-28
-Id: 75bb088d-3a1e-428e-9191-08f85b6798032024-05-06 15:58:31.478463600'Home Alone'
- Directed by Chris Columbus
- Released on 1990-11-16
-Id: ada34fe4-728c-4e56-8be0-3a3de780bfdc2024-05-06 16:04:28.936498800'Home Alone'
- Directed by Chris Columbus
- Released on 1990-11-16
- Id: ca2cc5a8-ea9c-4458-aa76-658c57d3f731
2024-05-06 16:04:28.938497100'Jurassic Park'
- Directed by Steven Spielberg
- Released on 1993-06-11
- Id: f9191574-b51d-46c4-a110-61101c9261d9
2024-05-06 16:04:28.943498200'Memento'
- Directed by Christopher Nolan
- Released on 2000-10-11
- Id: 2dc76824-a04e-49d0-a2d6-14e74fbb90f9
2024-05-06 16:04:28.943498200'Inception'
- Directed by Christopher Nolan
- Released on 2010-07-15
- Id: 74c068d0-3ca4-46da-8f90-ebdaf9122aca
2024-05-06 16:04:28.944496800'Interstellar'
- Directed by Christopher Nolan
- Released on 2014-11-05
- Id: 69e5d205-03fc-43e9-ab18-bd960dc585dd
2024-05-06 16:04:28.944496800'Rogue One'
- Directed by Gareth Edwards
- Released on 2016-12-16
- Id: e1527717-bf59-4521-b956-cba4d8321efa
2024-05-06 16:04:28.945496800'Contact'
- Directed by Robert Zemeckis
- Released on 1997-07-11
- Id: 5740283d-eae7-4a1d-9546-717b0b30dd36
2024-05-06 16:04:28.945496800'Jurassic Park'
- Directed by Steven Spielberg
- Released on 1993-06-11
- Id: 4c3ebb8b-d78c-4bdf-9e01-3f6429c2a9cf
2024-05-06 16:04:28.945496800'The Hitchhiker's Guide to the Galaxy'
- Directed by Garth Jennings
- Released on 2005-04-28
- Id: 01739e52-b775-4166-9fa2-c1e4e5436675
2024-05-06 16:04:28.946496500'Star Wars'
- Directed by George Lucas
- Released on 1977-05-25
- Id: e331f3cf-37ee-413f-8c48-e72d66ecca25
2024-05-06 16:04:28.946496500'Star Trek'
- Directed by J.J. Abrams
- Released on 2009-05-06
- Id: 0a70991f-f365-4a52-b5f4-2d816d7bb833
2024-05-06 16:04:28.947497900'Star Trek Into Darkness'
- Directed by J.J. Abrams
- Released on 2013-05-05
- Id: a8ecf23e-71db-45c6-a1a4-e9ebe5881a41
2024-05-06 16:04:28.948496500'Forrest Gump'
- Directed by Robert Zemeckis
- Released on 1994-07-06
- Id: a7897e89-75c9-402a-9fd3-ffb4e7866069
2024-05-06 16:04:28.948496500'Cast Away'
- Directed by Robert Zemeckis
- Released on 2000-12-22
- Id: 070c7d56-74f6-44fd-98b3-4185610cb249
2024-05-06 16:04:28.949498800'The Fifth Element'
- Directed by Luc Besson
- Released on 1997-05-02
- Id: 35c94d9b-972a-41a4-ba9d-456ac76f2734
2024-05-06 16:04:28.949498800'Close Encounters of the Third Kind'
- Directed by Steven Spielberg
- Released on 1977-11-18
- Id: f9b153dd-5f84-41ca-89cf-a1266f9c2b3e
2024-05-06 16:04:28.952496800'Star Wars'
- Directed by George Lucas
- Released on 1977-05-25
- Id: a5618bfa-548b-48f7-88d1-9bc93139bacd
2024-05-06 16:04:28.952496800'Jurassic Park'
- Directed by Steven Spielberg
- Released on 1993-06-11
- Id: 18b14c95-67c3-4be1-b33b-a3245be726d7
2024-05-06 16:04:28.953498200'The Hitchhiker's Guide to the Galaxy'
- Directed by Garth Jennings
- Released on 2005-04-28
- Id: d926aac9-0e06-4289-8db9-2143beebca6a
2024-05-06 16:04:28.954497900'Finding Nemo'
- Directed by Andrew Stanton
- Released on 2003-05-30
- Id: d8fec177-31d8-4001-87f9-a76c6da6f62f
2024-05-06 16:04:28.954497900'WALL路E'
- Directed by Andrew Stanton
- Released on 2008-06-22
- Id: 27346864-2b4a-4de4-bb21-09527fcd9afe
2024-05-06 16:04:28.955498'Coco'
- Directed by Lee Unkrich
- Released on 2017-10-27
- Id: 13a334ee-43fc-4657-bbc1-5f48d1a2c9d7
2024-05-06 16:04:28.955498'Toy Story 3'
- Directed by Lee Unkrich
- Released on 2010-06-16
- Id: 267770a0-7fdb-4837-aaf5-e5a8ef65157b
2024-05-06 16:04:28.956497700'The Polar Express'
- Directed by Robert Zemeckis
- Released on 2004-11-10
- Id: 410597a1-82a5-44ff-8464-d68fa3025a03
2024-05-06 16:04:28.956497700'Shrek'
- Directed by Andrew Adamson
- Released on 2001-05-18
- Id: 91d1a680-e65c-4aa8-a113-dd06036629ca
2024-05-06 16:04:28.957497500'Home Alone'
- Directed by Chris Columbus
- Released on 1990-11-16
- Id: c5e07596-f0ab-4cd9-81f6-86403f74dfd8
2024-05-06 16:04:28.958500200'Back to the Future Part III'
- Directed by Robert Zemeckis
- Released on 1990-05-25
- Id: fdcfc698-9382-44af-8400-ecf2fc2228f7
2024-05-06 16:04:28.958500200'Back to the Future'
- Directed by Robert Zemeckis
- Released on 1985-07-03
- Id: 93002413-8b14-4584-9c39-5217da50a1e7
2024-05-06 16:04:28.959497100'Back to the Future Part II'
- Directed by Robert Zemeckis
- Released on 1989-11-22
- Id: 8979ee99-1d27-4d62-93b3-bdb0167d49b2
2024-05-06 16:04:28.960498600'Who Framed Roger Rabbit'
- Directed by Robert Zemeckis
- Released on 1988-06-21
- Id: 73b11135-8813-42b9-8c8c-4435ce1f1e69
2024-05-06 16:04:28.960498600'The Lord of the Rings: The Fellowship of the Ring'
- Directed by Peter Jackson
- Released on 2001-12-18
- Id: 6caea791-8707-4ace-a086-627840bc5391
2024-05-06 16:04:28.960498600'The Lord of the Rings: The Two Towers'
- Directed by Peter Jackson
- Released on 2002-12-18
- Id: f9e76b7a-bb72-4e7f-bf27-da22a86404b5
2024-05-06 16:04:28.961497200'The Lord of the Rings: The Return of the King'
- Directed by Peter Jackson
- Released on 2003-12-01
- Id: ec5aa366-fa58-4cfc-8619-6166ea251dfb
2024-05-06 16:04:28.962497200'Rogue One'
- Directed by Gareth Edwards
- Released on 2016-12-16
- Id: 42f24a38-508d-4301-9a19-5a27bc6b19a1
2024-05-06 16:04:28.962497200'The Hitchhiker's Guide to the Galaxy'
- Directed by Garth Jennings
- Released on 2005-04-28
- Id: 98249a38-dbfa-49f8-abf3-f07b3baf2ebe
2024-05-06 16:04:28.964497400'Star Trek'
- Directed by J.J. Abrams
- Released on 2009-05-06
- Id: 9e95965f-a89f-4b93-bbe6-d2922e7de88c
2024-05-06 16:04:28.964497400'Star Trek II: The Wrath of Khan'
- Directed by Nicholas Meyer
- Released on 1982-06-04
- Id: dfae682e-5e38-4dc6-9ad5-b931e7bd3de5
2024-05-06 16:04:28.965497900'Star Trek Into Darkness'
- Directed by J.J. Abrams
- Released on 2013-05-05
- Id: 5281267b-8963-4a1a-a584-7ebd85efcc03
2024-05-06 16:04:28.965497900'The Lord of the Rings: The Return of the King'
- Directed by Peter Jackson
- Released on 2003-12-01
- Id: fe6de82e-e919-43d1-b967-74c05dc2d574
2024-05-06 16:04:28.966498400'The Lord of the Rings: The Two Towers'
- Directed by Peter Jackson
- Released on 2002-12-18
- Id: 6d6f6516-b620-4d79-b9cb-e72f9298832e
2024-05-06 16:04:28.966498400'The Lord of the Rings: The Fellowship of the Ring'
- Directed by Peter Jackson
- Released on 2001-12-18
- Id: b57647bc-934b-4094-8a9c-4d0c047ebd25
2024-05-06 16:04:28.966498400'Memento'
- Directed by Christopher Nolan
- Released on 2000-10-11
- Id: 207b7daa-6ba5-466b-8d2b-636bf480562d
2024-05-06 16:04:28.966498400'Inception'
- Directed by Christopher Nolan
- Released on 2010-07-15
- Id: 270b2926-304e-4fc5-b9d3-32267eaec618
2024-05-06 16:04:28.969497700'Rogue One'
- Directed by Gareth Edwards
- Released on 2016-12-16
- Id: e6395c2a-6842-4199-a989-0c78d1d0105a
2024-05-06 16:04:28.969497700'Star Wars'
- Directed by George Lucas
- Released on 1977-05-25
- Id: 46622073-2418-4e5c-af9c-82c6a102457a
2024-05-06 16:04:28.970497600'Back to the Future'
- Directed by Robert Zemeckis
- Released on 1985-07-03
- Id: 4e76fc01-cf69-4620-96a1-ad30e304e030
2024-05-06 16:04:28.970497600'Back to the Future Part II'
- Directed by Robert Zemeckis
- Released on 1989-11-22
- Id: 8c0458f8-8066-474c-9b0c-a24420a97ff5
2024-05-06 16:04:28.970497600'Back to the Future Part III'
- Directed by Robert Zemeckis
- Released on 1990-05-25
- Id: 89b46b2a-fa86-454a-80f4-f47d9ef07785
2024-05-06 16:04:28.971496800'The Fifth Element'
- Directed by Luc Besson
- Released on 1997-05-02
- Id: 384c6b06-3bab-4cec-83e5-332dcb6e152f
2024-05-06 16:04:28.971496800'The Lord of the Rings: The Fellowship of the Ring'
- Directed by Peter Jackson
- Released on 2001-12-18
- Id: e1cb376c-4b77-4d7a-a06b-9164b921a57e
2024-05-06 16:04:28.972497300'The Lord of the Rings: The Two Towers'
- Directed by Peter Jackson
- Released on 2002-12-18
- Id: e715a531-d6c0-452e-84e7-6e78609610ee
2024-05-06 16:04:28.972497300'The Lord of the Rings: The Return of the King'
- Directed by Peter Jackson
- Released on 2003-12-01
- Id: 757f8ecf-1ccc-4f9a-9653-ed3aa9684bcb
2024-05-06 16:04:28.972497300'Close Encounters of the Third Kind'
- Directed by Steven Spielberg
- Released on 1977-11-18
- Id: c7ad9ae7-8658-440e-be30-9268dd494bdc
2024-05-06 16:04:28.973499300'Star Trek Into Darkness'
- Directed by J.J. Abrams
- Released on 2013-05-05
- Id: d68d5a66-48ab-4c14-8134-b4c18e129a7c
2024-05-06 16:04:28.974501200'Jurassic Park'
- Directed by Steven Spielberg
- Released on 1993-06-11
- Id: 9635556e-2596-4a80-97c6-bd7d4e29b11b
2024-05-06 16:04:28.976497600'The Hitchhiker's Guide to the Galaxy'
- Directed by Garth Jennings
- Released on 2005-04-28
- Id: 94e69645-8b37-4cfa-9ceb-4811fb97ca50
2024-05-06 16:04:28.978499'Home Alone'
- Directed by Chris Columbus
- Released on 1990-11-16
- Id: 348672ac-d4b6-45b4-b879-1a776962d498
2024-05-06 19:58:42.299997'Home Alone'
- Directed by Chris Columbus
- Released on 1990-11-16
- Id: d6be2e97-e237-4630-829d-d0eaa32ea273
2024-05-06 19:58:42.303493600'Jurassic Park'
- Directed by Steven Spielberg
- Released on 1993-06-11
- Id: 53f35761-c9af-4e3b-bd6a-1c616ae66bc4
2024-05-06 19:58:42.320255600'Memento'
- Directed by Christopher Nolan
- Released on 2000-10-11
- Id: 0f1f9386-568d-4815-8d61-133e5df953a9
2024-05-06 19:58:42.321258200'Inception'
- Directed by Christopher Nolan
- Released on 2010-07-15
- Id: fbfdaaaf-3933-4de8-a5dc-e485d7874b64
2024-05-06 19:58:42.322254400'Interstellar'
- Directed by Christopher Nolan
- Released on 2014-11-05
- Id: 02da08cd-595f-46e3-8027-82a47d6fda9a
2024-05-06 19:58:42.322254400'Rogue One'
- Directed by Gareth Edwards
- Released on 2016-12-16
- Id: 5493c42e-448b-453c-b228-e3d660587846
2024-05-06 19:58:42.323763300'Contact'
- Directed by Robert Zemeckis
- Released on 1997-07-11
- Id: bd6d9e41-937f-469d-8fe5-ce24221334ec
2024-05-06 19:58:42.324303800'Jurassic Park'
- Directed by Steven Spielberg
- Released on 1993-06-11
- Id: 3e541425-4ab4-4c64-92cb-2ef9daa30d46
2024-05-06 19:58:42.325313600'The Hitchhiker's Guide to the Galaxy'
- Directed by Garth Jennings
- Released on 2005-04-28
- Id: d2bcf3bc-9558-4a2f-a97c-35ed97469810
2024-05-06 19:58:42.326321700'Star Wars'
- Directed by George Lucas
- Released on 1977-05-25
- Id: 99701f5b-f590-43a5-aaf9-283b637eab08
2024-05-06 19:58:42.326494900'Star Trek'
- Directed by J.J. Abrams
- Released on 2009-05-06
- Id: eef82df6-3183-4d37-9698-0ab13309c915
2024-05-06 19:58:42.327323800'Star Trek Into Darkness'
- Directed by J.J. Abrams
- Released on 2013-05-05
- Id: 02068875-7540-450d-acc9-2aeddd8ee36f
2024-05-06 19:58:42.330324700'Forrest Gump'
- Directed by Robert Zemeckis
- Released on 1994-07-06
- Id: 6908ad4b-6eeb-4628-9904-589e412e6110
2024-05-06 19:58:42.330324700'Cast Away'
- Directed by Robert Zemeckis
- Released on 2000-12-22
- Id: d50b7791-7c9a-4a26-9d27-5dd1065d899e
2024-05-06 19:58:42.332322100'The Fifth Element'
- Directed by Luc Besson
- Released on 1997-05-02
- Id: 9262d16d-05e7-411d-b8d7-3e1a50ecf3fc
2024-05-06 19:58:42.332322100'Close Encounters of the Third Kind'
- Directed by Steven Spielberg
- Released on 1977-11-18
- Id: e411c258-079f-4db1-bbf1-1205aaebc455
2024-05-06 19:58:42.337367600'Star Wars'
- Directed by George Lucas
- Released on 1977-05-25
- Id: 8d4880fd-87ab-4c29-b2bc-42e137d379d4
2024-05-06 19:58:42.337367600'Jurassic Park'
- Directed by Steven Spielberg
- Released on 1993-06-11
- Id: f922645f-a5bf-4a4e-94c1-fb83ce2b95c3
2024-05-06 19:58:42.339368500'The Hitchhiker's Guide to the Galaxy'
- Directed by Garth Jennings
- Released on 2005-04-28
- Id: 55ed5f41-2261-4de3-8f3a-e4d2df995bf7
2024-05-06 19:58:42.341372'Finding Nemo'
- Directed by Andrew Stanton
- Released on 2003-05-30
- Id: 4674ac4f-8709-4b15-818b-1468b7f1f046
2024-05-06 19:58:42.342368400'WALL路E'
- Directed by Andrew Stanton
- Released on 2008-06-22
- Id: 54b6304c-a439-49bc-afe5-7855ac6c28ce
2024-05-06 19:58:42.343366800'Coco'
- Directed by Lee Unkrich
- Released on 2017-10-27
- Id: 350d4c28-03ff-4cc8-bc07-6383f260d9c9
2024-05-06 19:58:42.343883700'Toy Story 3'
- Directed by Lee Unkrich
- Released on 2010-06-16
- Id: 6ce1a206-7c1e-42d3-9294-03d6f9e38989
2024-05-06 19:58:42.345401100'The Polar Express'
- Directed by Robert Zemeckis
- Released on 2004-11-10
- Id: 2c97ccb9-88a6-4274-ab8d-31e1a426684c
2024-05-06 19:58:42.346634700'Shrek'
- Directed by Andrew Adamson
- Released on 2001-05-18
- Id: c24e092e-0fe7-4dc2-b4b4-2d57ead9dfda
2024-05-06 19:58:42.348411200'Home Alone'
- Directed by Chris Columbus
- Released on 1990-11-16
- Id: da68ba73-22ba-4485-bd63-7c225a8bd9eb
2024-05-06 19:58:42.350410800'Back to the Future Part III'
- Directed by Robert Zemeckis
- Released on 1990-05-25
- Id: 8800fa6f-2bf9-464f-8b4b-56149a2de9de
2024-05-06 19:58:42.352410800'Back to the Future'
- Directed by Robert Zemeckis
- Released on 1985-07-03
- Id: 12f03015-84e2-4e8d-9977-affdc3f711ed
2024-05-06 19:58:42.352410800'Back to the Future Part II'
- Directed by Robert Zemeckis
- Released on 1989-11-22
- Id: a78d147e-93b3-47e4-ab04-5414211ed6cf
2024-05-06 19:58:42.356455600'Who Framed Roger Rabbit'
- Directed by Robert Zemeckis
- Released on 1988-06-21
- Id: e6afb15a-e9eb-43fb-a41f-a2033a77781b
2024-05-06 19:58:42.357450500'The Lord of the Rings: The Fellowship of the Ring'
- Directed by Peter Jackson
- Released on 2001-12-18
- Id: b0292950-e25a-4111-a4f3-253d344220fb
2024-05-06 19:58:42.357450500'The Lord of the Rings: The Two Towers'
- Directed by Peter Jackson
- Released on 2002-12-18
- Id: 2121666b-c12b-4ae7-ac4e-c4645bee6c10
2024-05-06 19:58:42.358451400'The Lord of the Rings: The Return of the King'
- Directed by Peter Jackson
- Released on 2003-12-01
- Id: 16721908-215e-49e0-8eef-345e71657d97
2024-05-06 19:58:42.360449700'Rogue One'
- Directed by Gareth Edwards
- Released on 2016-12-16
- Id: 044e4c9d-e95f-4238-b7d3-9b0b849561bc
2024-05-06 19:58:42.361456300'The Hitchhiker's Guide to the Galaxy'
- Directed by Garth Jennings
- Released on 2005-04-28
- Id: 42172175-9ca5-493b-bfd4-86cf635df21f
2024-05-06 19:58:42.365483600'Star Trek'
- Directed by J.J. Abrams
- Released on 2009-05-06
- Id: ad6a706e-330c-4c2d-8fac-5381d3542915
2024-05-06 19:58:42.365483600'Star Trek II: The Wrath of Khan'
- Directed by Nicholas Meyer
- Released on 1982-06-04
- Id: cb82ff2a-2768-4622-9a1f-8d9f22da5c24
2024-05-06 19:58:42.366493400'Star Trek Into Darkness'
- Directed by J.J. Abrams
- Released on 2013-05-05
- Id: 4c13a02f-cfdf-4747-bbac-25c10cf75990
2024-05-06 19:58:42.367498800'The Lord of the Rings: The Return of the King'
- Directed by Peter Jackson
- Released on 2003-12-01
- Id: 10fd643a-7b01-4d42-a788-cd4c7ec7af43
2024-05-06 19:58:42.368496500'The Lord of the Rings: The Two Towers'
- Directed by Peter Jackson
- Released on 2002-12-18
- Id: 0b06ba80-43d7-4411-8627-54468e6d275a
2024-05-06 19:58:42.369494700'The Lord of the Rings: The Fellowship of the Ring'
- Directed by Peter Jackson
- Released on 2001-12-18
- Id: 4b7875fd-fa5f-4b01-80d5-cbdafc60891a
2024-05-06 19:58:42.370493400'Memento'
- Directed by Christopher Nolan
- Released on 2000-10-11
- Id: fb790f52-c75e-4ee8-8afa-e7cd23dccf08
2024-05-06 19:58:42.370493400'Inception'
- Directed by Christopher Nolan
- Released on 2010-07-15
- Id: e53b6e27-7546-4d80-bdcd-dc8fee1044f7
2024-05-06 19:58:42.375524800'Rogue One'
- Directed by Gareth Edwards
- Released on 2016-12-16
- Id: 0dc055e7-d751-462c-90cd-a5969375ba5f
2024-05-06 19:58:42.376518200'Star Wars'
- Directed by George Lucas
- Released on 1977-05-25
- Id: e117d090-e047-4a03-8eab-b84cc5f6d1a1
2024-05-06 19:58:42.377518700'Back to the Future'
- Directed by Robert Zemeckis
- Released on 1985-07-03
- Id: 50f2ed2e-8891-4a11-b7e1-d2c77cbf086e
2024-05-06 19:58:42.378518500'Back to the Future Part II'
- Directed by Robert Zemeckis
- Released on 1989-11-22
- Id: b3634a5f-43ce-479a-abc9-9efd1cf9d51f
2024-05-06 19:58:42.379522200'Back to the Future Part III'
- Directed by Robert Zemeckis
- Released on 1990-05-25
- Id: 454bd634-48e0-4776-bc9b-f68f2393130e
2024-05-06 19:58:42.384541700'The Fifth Element'
- Directed by Luc Besson
- Released on 1997-05-02
- Id: b45dbb26-f9ca-43e2-8d5e-ec66e3067bd6
2024-05-06 19:58:42.386561400'The Lord of the Rings: The Fellowship of the Ring'
- Directed by Peter Jackson
- Released on 2001-12-18
- Id: 68da8560-d9e1-486e-83c4-e9e2dd61f6eb
2024-05-06 19:58:42.389564'The Lord of the Rings: The Two Towers'
- Directed by Peter Jackson
- Released on 2002-12-18
- Id: dd5d9fe3-e6fa-41bb-8bfe-55463569ee3c
2024-05-06 19:58:42.391560'The Lord of the Rings: The Return of the King'
- Directed by Peter Jackson
- Released on 2003-12-01
- Id: b5be3ae3-d4ea-41bb-8664-b5593f26d0a6
2024-05-06 19:58:42.391560'Close Encounters of the Third Kind'
- Directed by Steven Spielberg
- Released on 1977-11-18
- Id: fa1612fd-2dac-41a2-9ecb-996507805f54
2024-05-06 19:58:42.394651700'Star Trek Into Darkness'
- Directed by J.J. Abrams
- Released on 2013-05-05
- Id: 2ac1f637-efc0-4d61-bcd3-a5a016abc512
2024-05-06 19:58:42.397173300'Jurassic Park'
- Directed by Steven Spielberg
- Released on 1993-06-11
- Id: fd0fc270-621e-4169-8b49-1efa242cbbfc
2024-05-06 19:58:42.402175900'The Hitchhiker's Guide to the Galaxy'
- Directed by Garth Jennings
- Released on 2005-04-28
- Id: 573b27b2-5168-4aa6-bbf2-04eaeccdcd17
2024-05-06 19:58:42.407227100'Home Alone'
- Directed by Chris Columbus
- Released on 1990-11-16
- Id: 73199620-028f-4d65-829e-f49eb4189da9
2024-10-23 21:34:23.268521200'Home Alone'
- Directed by Chris Columbus
- Released on 1990-11-16
- Id: c1889394-4d14-4213-b025-7f1d86c62367
2024-10-23 21:34:23.273248400'Jurassic Park'
- Directed by Steven Spielberg
- Released on 1993-06-11
- Id: 60ad4054-69a4-4808-b68c-8b46274369c0
2024-10-23 21:34:23.288063300'Memento'
- Directed by Christopher Nolan
- Released on 2000-10-11
- Id: 8f814985-8927-41a1-82bf-18189608c6dc
2024-10-23 21:34:23.289061500'Inception'
- Directed by Christopher Nolan
- Released on 2010-07-15
- Id: 92bf76f8-07a2-4717-ada3-d272a642ee99
2024-10-23 21:34:23.290059'Interstellar'
- Directed by Christopher Nolan
- Released on 2014-11-05
- Id: 1f7ae4e8-e1a7-4636-98cb-6f8928794cc7
2024-10-23 21:34:23.291056200'Rogue One'
- Directed by Gareth Edwards
- Released on 2016-12-16
- Id: 3db366bc-0f6f-480b-9fae-5bd47e616d0a
2024-10-23 21:34:23.292053400'Contact'
- Directed by Robert Zemeckis
- Released on 1997-07-11
- Id: d11c8652-a2bd-48b4-abb1-d004e14f6792
2024-10-23 21:34:23.294046700'Jurassic Park'
- Directed by Steven Spielberg
- Released on 1993-06-11
- Id: bbc82d79-8786-412a-a66f-76b19e3bbe69
2024-10-23 21:34:23.295044400'The Hitchhiker's Guide to the Galaxy'
- Directed by Garth Jennings
- Released on 2005-04-28
- Id: 51c1c7e2-33bb-4f75-b8bb-a13c9ff7715e
2024-10-23 21:34:23.295044400'Star Wars'
- Directed by George Lucas
- Released on 1977-05-25
- Id: 5e4622aa-7db8-49f2-9379-f9e94c392cf2
2024-10-23 21:34:23.297038600'Star Trek'
- Directed by J.J. Abrams
- Released on 2009-05-06
- Id: f0d65c8a-8d44-4ede-ace1-bc953a4d1cf4
2024-10-23 21:34:23.298036'Star Trek Into Darkness'
- Directed by J.J. Abrams
- Released on 2013-05-05
- Id: a4fd8c6a-3c7a-4212-8582-1769a4a8f8d6
2024-10-23 21:34:23.301028600'Forrest Gump'
- Directed by Robert Zemeckis
- Released on 1994-07-06
- Id: 05220029-9fc3-4aec-962e-1e3fa0982b90
2024-10-23 21:34:23.302026100'Cast Away'
- Directed by Robert Zemeckis
- Released on 2000-12-22
- Id: d2761fd4-1414-435d-976b-49ccad01c413
2024-10-23 21:34:23.303023300'The Fifth Element'
- Directed by Luc Besson
- Released on 1997-05-02
- Id: 402029de-141f-4d81-aafd-a6e8c12ca533
2024-10-23 21:34:23.304020200'Close Encounters of the Third Kind'
- Directed by Steven Spielberg
- Released on 1977-11-18
- Id: c2948d34-5625-4131-be00-50e3fa77d61b
2024-10-23 21:34:23.311002300'Star Wars'
- Directed by George Lucas
- Released on 1977-05-25
- Id: 3d6094a4-3382-48b7-9da8-5c5f759eb754
2024-10-23 21:34:23.311999200'Jurassic Park'
- Directed by Steven Spielberg
- Released on 1993-06-11
- Id: 603b55e8-bb21-469e-9d37-a9a0fb111a8f
2024-10-23 21:34:23.333091700'The Hitchhiker's Guide to the Galaxy'
- Directed by Garth Jennings
- Released on 2005-04-28
- Id: a9676dbf-3817-4e69-97d2-3b5586fde186
2024-10-23 21:34:23.337314100'Finding Nemo'
- Directed by Andrew Stanton
- Released on 2003-05-30
- Id: 8c0c0371-f6e5-4735-b005-91d999da2dfb
2024-10-23 21:34:23.339317700'WALL路E'
- Directed by Andrew Stanton
- Released on 2008-06-22
- Id: 499833a4-b6ad-4192-a257-505d07f32268
2024-10-23 21:34:23.339317700'Coco'
- Directed by Lee Unkrich
- Released on 2017-10-27
- Id: 9ef3c86b-bd07-48c9-bcfe-7b0a4d6b1fa6
2024-10-23 21:34:23.341137800'Toy Story 3'
- Directed by Lee Unkrich
- Released on 2010-06-16
- Id: b6e14a72-d398-4115-9f8f-2bf57d7640cf
2024-10-23 21:34:23.344371800'The Polar Express'
- Directed by Robert Zemeckis
- Released on 2004-11-10
- Id: 46fd9c7a-bb85-4b0c-be8a-f61e332251f3
2024-10-23 21:34:23.345378400'Shrek'
- Directed by Andrew Adamson
- Released on 2001-05-18
- Id: 92767d03-2ced-497b-8219-e9e68f9708fd
2024-10-23 21:34:23.347781300'Home Alone'
- Directed by Chris Columbus
- Released on 1990-11-16
- Id: 5db171f3-30d3-4f20-b576-2ee46a34a3d2
2024-10-23 21:34:23.351521100'Back to the Future Part III'
- Directed by Robert Zemeckis
- Released on 1990-05-25
- Id: 03b40532-9f9d-4430-8f9e-a0ef47abd2e9
2024-10-23 21:34:23.353642200'Back to the Future'
- Directed by Robert Zemeckis
- Released on 1985-07-03
- Id: b5d0af34-318d-4038-b85b-e77c4ad1573c
2024-10-23 21:34:23.354646200'Back to the Future Part II'
- Directed by Robert Zemeckis
- Released on 1989-11-22
- Id: 4a7ba424-7be7-4530-9ec8-f7abb9cb4538
2024-10-23 21:34:23.358920500'Who Framed Roger Rabbit'
- Directed by Robert Zemeckis
- Released on 1988-06-21
- Id: e54af617-e2d9-41d6-86dc-e299eb9bcc8d
2024-10-23 21:34:23.360117900'The Lord of the Rings: The Fellowship of the Ring'
- Directed by Peter Jackson
- Released on 2001-12-18
- Id: d01fb865-f618-48ed-b629-ff837929b170
2024-10-23 21:34:23.360117900'The Lord of the Rings: The Two Towers'
- Directed by Peter Jackson
- Released on 2002-12-18
- Id: 3eca4ae5-87c7-4946-8cb4-cdf2eec81232
2024-10-23 21:34:23.361978200'The Lord of the Rings: The Return of the King'
- Directed by Peter Jackson
- Released on 2003-12-01
- Id: 5bf1a473-d5a3-45e4-9fc7-5e2ab2c6c128
2024-10-23 21:34:23.365051400'Rogue One'
- Directed by Gareth Edwards
- Released on 2016-12-16
- Id: a9511f7e-301f-4c54-a3ef-1efbfde6a8bc
2024-10-23 21:34:23.370879100'The Hitchhiker's Guide to the Galaxy'
- Directed by Garth Jennings
- Released on 2005-04-28
- Id: a368b89f-c05d-41bd-a704-a8b471cde572
2024-10-23 21:34:23.376972100'Star Trek'
- Directed by J.J. Abrams
- Released on 2009-05-06
- Id: 711f0ccf-6349-4cbd-a9a3-151e5f9a8967
2024-10-23 21:34:23.377969400'Star Trek II: The Wrath of Khan'
- Directed by Nicholas Meyer
- Released on 1982-06-04
- Id: 4fd65b9a-6a5c-4d5a-ac89-03f72bd6df42
2024-10-23 21:34:23.381354700'Star Trek Into Darkness'
- Directed by J.J. Abrams
- Released on 2013-05-05
- Id: 29721c88-3856-4eee-8060-2e264566ac56
2024-10-23 21:34:23.383348600'The Lord of the Rings: The Return of the King'
- Directed by Peter Jackson
- Released on 2003-12-01
- Id: 38c8d13f-5e57-4c13-a0ea-9685e460e165
2024-10-23 21:34:23.383348600'The Lord of the Rings: The Two Towers'
- Directed by Peter Jackson
- Released on 2002-12-18
- Id: 1cf1f4a6-05a3-4ec3-98a1-393c0252dc42
2024-10-23 21:34:23.384778100'The Lord of the Rings: The Fellowship of the Ring'
- Directed by Peter Jackson
- Released on 2001-12-18
- Id: 99025e27-f42e-4a58-8701-ad09ffab4f25
2024-10-23 21:34:23.385781300'Memento'
- Directed by Christopher Nolan
- Released on 2000-10-11
- Id: 0f33ccda-0c17-4f82-a653-605963aa77b2
2024-10-23 21:34:23.386778600'Inception'
- Directed by Christopher Nolan
- Released on 2010-07-15
- Id: 90358ad0-7ccb-4847-bcd8-fd94a3ddd956
2024-10-23 21:34:23.392761900'Rogue One'
- Directed by Gareth Edwards
- Released on 2016-12-16
- Id: 3d65f3f4-0274-4b61-98c3-077a8274aa62
2024-10-23 21:34:23.393759700'Star Wars'
- Directed by George Lucas
- Released on 1977-05-25
- Id: 958abae9-949a-4367-8489-4a1dfa6204d2
2024-10-23 21:34:23.394756900'Back to the Future'
- Directed by Robert Zemeckis
- Released on 1985-07-03
- Id: 7d55545a-c8fb-4b1f-bf53-0ce367770908
2024-10-23 21:34:23.395754600'Back to the Future Part II'
- Directed by Robert Zemeckis
- Released on 1989-11-22
- Id: 018bb6a7-edc0-42fe-a3b9-71816b9c48ef
2024-10-23 21:34:23.397006700'Back to the Future Part III'
- Directed by Robert Zemeckis
- Released on 1990-05-25
- Id: d7c3316c-dc65-4827-ba20-4f18df93a068
2024-10-23 21:34:23.414247400'The Fifth Element'
- Directed by Luc Besson
- Released on 1997-05-02
- Id: e1882c28-a4bc-4c61-9635-aebdc1916f42
2024-10-23 21:34:23.417722900'The Lord of the Rings: The Fellowship of the Ring'
- Directed by Peter Jackson
- Released on 2001-12-18
- Id: 0b2cba30-f4c4-4398-90f9-4130ac734ac3
2024-10-23 21:34:23.417722900'The Lord of the Rings: The Two Towers'
- Directed by Peter Jackson
- Released on 2002-12-18
- Id: 2b2aaa17-e841-42a3-b308-8716f5ad6946
2024-10-23 21:34:23.419042100'The Lord of the Rings: The Return of the King'
- Directed by Peter Jackson
- Released on 2003-12-01
- Id: 816bba01-2071-4926-a2e5-4f3c891eb61f
2024-10-23 21:34:23.420552400'Close Encounters of the Third Kind'
- Directed by Steven Spielberg
- Released on 1977-11-18
- Id: 31b7bd42-ca48-4aca-b12f-6bb276fcb0a6
2024-10-23 21:34:23.426291700'Star Trek Into Darkness'
- Directed by J.J. Abrams
- Released on 2013-05-05
- Id: 4470514e-fa50-4397-9b53-dc878fa37fca
2024-10-23 21:34:23.427984600'Jurassic Park'
- Directed by Steven Spielberg
- Released on 1993-06-11
- Id: 38cdd073-895d-4ba0-8476-ed04e985a481
2024-10-23 21:34:23.439150800'The Hitchhiker's Guide to the Galaxy'
- Directed by Garth Jennings
- Released on 2005-04-28
- Id: bfd5a12e-56dc-4501-a047-e445ff2a7d7a
2024-10-23 21:34:23.445559200'Home Alone'
- Directed by Chris Columbus
- Released on 1990-11-16
- Id: fc84ca8f-19a6-4f54-a018-c52a14ace17d
