2024-05-06 15:58:31.430464900Tool type: socket wrench
-Manufacturer: Craftsman
-Tool count: 1
-Id: b82bd3bf-0d7a-4e43-a2b7-762cb6458cb72024-05-06 15:58:31.437463400Tool type: socket wrench
-Manufacturer: DeWalt
-Tool count: 2
-Id: 9661125d-8c27-4f40-9fe0-3544574b1b712024-05-06 15:58:31.441465500Tool type: power drill
-Manufacturer: DeWalt
-Tool count: 2
-Id: 41a316de-ac68-4e87-bddb-04eb508518672024-05-06 15:58:31.442464400Tool type: hand saw
-Manufacturer: Craftsman
-Tool count: 1
-Id: 59314a9c-af76-46fd-aad6-caf0e25c961f2024-05-06 15:58:31.443464Tool type: hammer
-Manufacturer: Craftsman
-Tool count: 1
-Id: 40c731a9-b188-457b-845a-6a11a265984a2024-05-06 15:58:31.443464Tool type: stapler
-Manufacturer: DeWalt
-Tool count: 2
-Id: 35640f22-5dd3-47e8-aa5b-6ea63f16e16d2024-05-06 15:58:31.449465500Tool type: power drill
-Manufacturer: DeWalt
-Tool count: 1
-Id: bc247c2d-851c-4dec-b020-a02a760d7b7a2024-05-06 15:58:31.449465500Tool type: socket wrench
-Manufacturer: DeWalt
-Tool count: 3
-Id: e3955c8c-da84-49bf-b0a6-3ea5367be04c2024-05-06 15:58:31.455465400Tool type: stapler
-Manufacturer: Swingline
-Tool count: 2
-Id: ccdcadde-7316-42d7-bb04-b0853f6044862024-05-06 15:58:31.458464100Tool type: hand saw
-Manufacturer: Craftsman
-Tool count: 1
-Id: 2db9e517-d366-49e0-bca3-88d446041f042024-05-06 15:58:31.460467100Tool type: hammer
-Manufacturer: Craftsman
-Tool count: 1
-Id: 76d0ed17-f359-4d0c-a7f5-f23cefb6e4fd2024-05-06 15:58:31.462463600Tool type: hammer
-Manufacturer: Craftsman
-Tool count: 1
-Id: c5769684-ab2f-4b7a-b5e3-4c0ff33550d72024-05-06 15:58:31.467463900Tool type: hand saw
-Manufacturer: Craftsman
-Tool count: 1
-Id: 9a6fa87a-70f2-4120-88a4-7f47eed294d32024-05-06 15:58:31.468463300Tool type: socket wrench
-Manufacturer: DeWalt
-Tool count: 1
-Id: 4a968788-01c4-4484-ac10-01e2c9ac8b282024-05-06 15:58:31.469465100Tool type: pry bar
-Manufacturer: Stanley
-Tool count: 2
-Id: 13a86ec1-9d62-4206-9e8e-1d352239c2722024-05-06 15:58:31.470463800Tool type: hammer
-Manufacturer: Vaughan
-Tool count: 2
-Id: 22cde7ab-2de2-41e5-9e81-f217b02a1a9f2024-05-06 15:58:31.471465100Tool type: hammer
-Manufacturer: Craftsman
-Tool count: 1
-Id: 32b2213c-6c98-4914-b2dc-b514738728cd2024-05-06 15:58:31.471465100Tool type: hand saw
-Manufacturer: Stanley
-Tool count: 3
-Id: 66fbcba8-9935-4c62-a4f2-e258cc5c5df82024-05-06 15:58:31.472464500Tool type: power drill
-Manufacturer: Milwaukee
-Tool count: 2
-Id: 73a77438-66ef-4ef6-96cb-143f326f5d222024-05-06 15:58:31.473464Tool type: stapler
-Manufacturer: DeWalt
-Tool count: 2
-Id: 11542eb8-1af1-41ae-94d9-ed6d4c7eff7e2024-05-06 15:58:31.473464Tool type: socket wrench
-Manufacturer: DeWalt
-Tool count: 2
-Id: 1cfff7d2-e713-4038-8402-70558dc807f32024-05-06 16:04:28.922498Tool type: socket wrench
- Manufacturer: Craftsman
- Tool count: 1
- Id: cc20fc81-1670-45e2-9018-1ac7f186a5cd
2024-05-06 16:04:28.928496700Tool type: socket wrench
- Manufacturer: DeWalt
- Tool count: 2
- Id: a4af1f5a-c84a-42a9-8651-dfffcc18bf6c
2024-05-06 16:04:28.939497500Tool type: power drill
- Manufacturer: DeWalt
- Tool count: 2
- Id: 5ac1164a-aa8f-40dd-a857-db3ed1ff8643
2024-05-06 16:04:28.940497900Tool type: hand saw
- Manufacturer: Craftsman
- Tool count: 1
- Id: 4c41b48c-0517-48a9-83dd-ced5a42af837
2024-05-06 16:04:28.940497900Tool type: hammer
- Manufacturer: Craftsman
- Tool count: 1
- Id: 4b883a95-12c3-4991-9e9a-56ee561479b9
2024-05-06 16:04:28.941498300Tool type: stapler
- Manufacturer: DeWalt
- Tool count: 2
- Id: f1c4a74f-ceee-4bf1-99fd-6b4553532876
2024-05-06 16:04:28.947497900Tool type: power drill
- Manufacturer: DeWalt
- Tool count: 1
- Id: 9b46880c-fb6e-42d1-894c-50fa0bbb7e8b
2024-05-06 16:04:28.947497900Tool type: socket wrench
- Manufacturer: DeWalt
- Tool count: 3
- Id: 9043b7cf-ca60-4e7b-b399-2865364d6232
2024-05-06 16:04:28.953498200Tool type: stapler
- Manufacturer: Swingline
- Tool count: 2
- Id: f5320bb8-7f08-4ae6-9e38-72206ad82d20
2024-05-06 16:04:28.957497500Tool type: hand saw
- Manufacturer: Craftsman
- Tool count: 1
- Id: 072325e3-069d-4509-a73e-2bc36da0f150
2024-05-06 16:04:28.959497100Tool type: hammer
- Manufacturer: Craftsman
- Tool count: 1
- Id: 42e6850b-177d-420b-8b25-849f4b57fc7b
2024-05-06 16:04:28.962497200Tool type: hammer
- Manufacturer: Craftsman
- Tool count: 1
- Id: f65a56ae-b2e1-4cc1-9acd-b6d08742c996
2024-05-06 16:04:28.967497700Tool type: hand saw
- Manufacturer: Craftsman
- Tool count: 1
- Id: 4c44ace8-f862-4268-b99d-90db0f44fed0
2024-05-06 16:04:28.968498300Tool type: socket wrench
- Manufacturer: DeWalt
- Tool count: 1
- Id: 5af7f7a2-bf1d-43a5-aa80-1940d0012618
2024-05-06 16:04:28.969497700Tool type: pry bar
- Manufacturer: Stanley
- Tool count: 2
- Id: b7d813f3-a3ea-4ef6-94c9-584a1206be20
2024-05-06 16:04:28.971496800Tool type: hammer
- Manufacturer: Vaughan
- Tool count: 2
- Id: fbba1691-4245-401c-b0ef-397d4845b428
2024-05-06 16:04:28.971496800Tool type: hammer
- Manufacturer: Craftsman
- Tool count: 1
- Id: 5b8ed069-8bd1-47c1-b92f-5484f8e9bedd
2024-05-06 16:04:28.971496800Tool type: hand saw
- Manufacturer: Stanley
- Tool count: 3
- Id: 9f25d77b-00e8-41d7-b70e-ccf3ac799887
2024-05-06 16:04:28.972497300Tool type: power drill
- Manufacturer: Milwaukee
- Tool count: 2
- Id: 5e9f5666-717e-44e1-8feb-b86993a458c6
2024-05-06 16:04:28.973499300Tool type: stapler
- Manufacturer: DeWalt
- Tool count: 2
- Id: 704fcbb6-5a55-43d6-a7ae-0fc4dd762ae4
2024-05-06 16:04:28.973499300Tool type: socket wrench
- Manufacturer: DeWalt
- Tool count: 2
- Id: dd5d541c-a1e5-40db-8e09-eed451ca5cb2
2024-05-06 19:58:42.276651400Tool type: socket wrench
- Manufacturer: Craftsman
- Tool count: 1
- Id: 20057e17-95da-45ac-85c1-525aa0704ad4
2024-05-06 19:58:42.294426900Tool type: socket wrench
- Manufacturer: DeWalt
- Tool count: 2
- Id: 8d6dea26-c4f0-4ec8-8674-6c3a5c408afa
2024-05-06 19:58:42.305014900Tool type: power drill
- Manufacturer: DeWalt
- Tool count: 2
- Id: 8681fe57-e1b1-44b2-b425-10462306537c
2024-05-06 19:58:42.307033900Tool type: hand saw
- Manufacturer: Craftsman
- Tool count: 1
- Id: bc26be85-2b4d-466f-99d1-9e38290a65c6
2024-05-06 19:58:42.309036900Tool type: hammer
- Manufacturer: Craftsman
- Tool count: 1
- Id: c8350259-abb5-48b7-ac38-3f9e07975ac5
2024-05-06 19:58:42.311035800Tool type: stapler
- Manufacturer: DeWalt
- Tool count: 2
- Id: e3a03cae-9414-44ab-aedb-fbdbd28935cc
2024-05-06 19:58:42.328322200Tool type: power drill
- Manufacturer: DeWalt
- Tool count: 1
- Id: 2b16f420-9dd4-410f-abaf-dcc4608fd885
2024-05-06 19:58:42.329328400Tool type: socket wrench
- Manufacturer: DeWalt
- Tool count: 3
- Id: 1beb83dc-8799-4c03-aaeb-d777c3c80683
2024-05-06 19:58:42.340370700Tool type: stapler
- Manufacturer: Swingline
- Tool count: 2
- Id: 28a75b81-df4c-482d-832b-73913881d110
2024-05-06 19:58:42.349413100Tool type: hand saw
- Manufacturer: Craftsman
- Tool count: 1
- Id: dcd00a33-6b58-46a3-a95d-9b9717ed4398
2024-05-06 19:58:42.354429600Tool type: hammer
- Manufacturer: Craftsman
- Tool count: 1
- Id: d5c4cf17-4368-4b9e-bc7b-17b72ab686ca
2024-05-06 19:58:42.360449700Tool type: hammer
- Manufacturer: Craftsman
- Tool count: 1
- Id: 2934c969-c33a-4890-ab1a-928786f2133c
2024-05-06 19:58:42.372494300Tool type: hand saw
- Manufacturer: Craftsman
- Tool count: 1
- Id: a7351c0f-811f-4336-9bc9-afe2d77ea1a6
2024-05-06 19:58:42.373493Tool type: socket wrench
- Manufacturer: DeWalt
- Tool count: 1
- Id: 84260c2a-5c36-4763-865e-2cf1f47a1c12
2024-05-06 19:58:42.376628900Tool type: pry bar
- Manufacturer: Stanley
- Tool count: 2
- Id: 4a6b9bd6-a13e-4998-9289-633e5e6f67e3
2024-05-06 19:58:42.381519100Tool type: hammer
- Manufacturer: Vaughan
- Tool count: 2
- Id: 029bfc4f-308a-4b58-8443-e9f6e5a01504
2024-05-06 19:58:42.382518400Tool type: hammer
- Manufacturer: Craftsman
- Tool count: 1
- Id: 5ed8d70f-042e-42f8-9ad7-ab5a524b6ca6
2024-05-06 19:58:42.385552Tool type: hand saw
- Manufacturer: Stanley
- Tool count: 3
- Id: d69e0867-3552-41d1-aa8b-4ce01b080bd2
2024-05-06 19:58:42.392561500Tool type: power drill
- Manufacturer: Milwaukee
- Tool count: 2
- Id: 4742424a-1297-4aae-b917-70b435ac10bf
2024-05-06 19:58:42.393562500Tool type: stapler
- Manufacturer: DeWalt
- Tool count: 2
- Id: 87aa5b3b-c271-4a53-8697-9e4764dc0b70
2024-05-06 19:58:42.394069900Tool type: socket wrench
- Manufacturer: DeWalt
- Tool count: 2
- Id: 86292953-3276-4a1a-b8ab-c5ed980e905f
